<?xml version="1.0" encoding="UTF-8"?>
<!-- Generated by org.testng.reporters.JUnitXMLReporter -->
<testsuite ignored="0" hostname="LAPTOP-BON7O57K" failures="0" tests="3" name="Default test" time="0.028" errors="0" timestamp="2024-12-10T20:07:37 IST">
  <testcase classname="pack_2_grouping.Class_1" name="loginByEmail" time="0.007"/>
  <testcase classname="pack_2_grouping.Class_1" name="loginByFacebook" time="0.001"/>
  <testcase classname="pack_2_grouping.Class_1" name="loginByTwitter" time="0.0"/>
</testsuite> <!-- Default test -->
