<?xml version="1.0" encoding="UTF-8"?>
<!-- Generated by org.testng.reporters.JUnitXMLReporter -->
<testsuite ignored="0" hostname="LAPTOP-BON7O57K" failures="0" tests="3" name="chromeTest" time="6.948" errors="0" timestamp="2024-12-11T18:22:59 IST">
  <testcase classname="pack_5.Class_6_paramTest" name="testLogo" time="0.029"/>
  <testcase classname="pack_5.Class_6_paramTest" name="testTitle" time="0.004"/>
  <testcase classname="pack_5.Class_6_paramTest" name="testURL" time="0.0"/>
</testsuite> <!-- chromeTest -->
