<?xml version="1.0" encoding="UTF-8"?>
<!-- Generated by org.testng.reporters.JUnitXMLReporter -->
<testsuite ignored="0" hostname="LAPTOP-BON7O57K" failures="0" tests="3" name="edgeTest" time="8.122" errors="0" timestamp="2024-12-11T18:23:00 IST">
  <testcase classname="pack_5.Class_6_paramTest" name="testLogo" time="0.031"/>
  <testcase classname="pack_5.Class_6_paramTest" name="testTitle" time="0.003"/>
  <testcase classname="pack_5.Class_6_paramTest" name="testURL" time="0.0"/>
</testsuite> <!-- edgeTest -->
