<?xml version="1.0" encoding="UTF-8"?>
<!-- Generated by org.testng.reporters.JUnitXMLReporter -->
<testsuite ignored="0" hostname="LAPTOP-BON7O57K" failures="0" tests="3" name="Test" time="12.776" errors="0" timestamp="2024-12-11T17:48:06 IST">
  <testcase classname="pack_3.Class_6_paramTest" name="testLogo" time="0.035"/>
  <testcase classname="pack_3.Class_6_paramTest" name="testTitle" time="0.005"/>
  <testcase classname="pack_3.Class_6_paramTest" name="testURL" time="0.006"/>
</testsuite> <!-- Test -->
