<?xml version="1.0" encoding="UTF-8"?>
<testng-results ignored="0" total="3" passed="3" failed="0" skipped="0">
  <reporter-output>
  </reporter-output>
  <suite started-at="2024-12-12T18:19:09 IST" name="Suite" finished-at="2024-12-12T18:19:33 IST" duration-ms="24029">
    <groups>
    </groups>
    <test started-at="2024-12-12T18:19:09 IST" name="Test" finished-at="2024-12-12T18:19:33 IST" duration-ms="24029">
      <class name="pack_3.Class_1">
        <test-method is-config="true" signature="setup()[pri:0, instance:pack_3.Class_1@799f10e1]" started-at="2024-12-12T18:19:09 IST" name="setup" finished-at="2024-12-12T18:19:32 IST" duration-ms="22674" status="PASS">
          <reporter-output>
          </reporter-output>
        </test-method> <!-- setup -->
        <test-method signature="testLogo()[pri:1, instance:pack_3.Class_1@799f10e1]" started-at="2024-12-12T18:19:32 IST" name="testLogo" finished-at="2024-12-12T18:19:33 IST" duration-ms="1079" status="PASS">
          <reporter-output>
          </reporter-output>
        </test-method> <!-- testLogo -->
        <test-method signature="testAppUrl()[pri:2, instance:pack_3.Class_1@799f10e1]" started-at="2024-12-12T18:19:33 IST" name="testAppUrl" finished-at="2024-12-12T18:19:33 IST" duration-ms="7" status="PASS">
          <reporter-output>
          </reporter-output>
        </test-method> <!-- testAppUrl -->
        <test-method signature="testHomePageTitle()[pri:3, instance:pack_3.Class_1@799f10e1]" started-at="2024-12-12T18:19:33 IST" name="testHomePageTitle" finished-at="2024-12-12T18:19:33 IST" depends-on-methods="pack_3.Class_1.testAppUrl" duration-ms="5" status="PASS">
          <reporter-output>
          </reporter-output>
        </test-method> <!-- testHomePageTitle -->
        <test-method is-config="true" signature="tearDown()[pri:0, instance:pack_3.Class_1@799f10e1]" started-at="2024-12-12T18:19:33 IST" name="tearDown" finished-at="2024-12-12T18:19:33 IST" duration-ms="105" status="PASS">
          <reporter-output>
          </reporter-output>
        </test-method> <!-- tearDown -->
      </class> <!-- pack_3.Class_1 -->
    </test> <!-- Test -->
  </suite> <!-- Suite -->
</testng-results>
