<?xml version="1.0" encoding="UTF-8"?>
<!-- Generated by org.testng.reporters.JUnitXMLReporter -->
<testsuite ignored="0" hostname="LAPTOP-BON7O57K" failures="0" tests="4" name="Test" time="9.393" errors="0" timestamp="2025-08-11T18:07:33 IST">
  <testcase classname="java_package.groups_priority" name="get_up" time="5.293"/>
  <testcase classname="java_package.groups_priority" name="checkbox" time="1.786"/>
  <testcase classname="java_package.groups_priority" name="radiobtn" time="1.632"/>
  <testcase classname="java_package.groups_priority" name="close_up" time="0.649"/>
</testsuite> <!-- Test -->
