<?xml version="1.0" encoding="UTF-8"?>
<!-- Generated by org.testng.reporters.JUnitXMLReporter -->
<testsuite ignored="0" hostname="LAPTOP-BON7O57K" failures="0" tests="3" name="Default test" time="7.165" errors="0" timestamp="2024-12-12T16:34:59 IST">
  <testcase classname="pack_2.Class_1" name="testLogo" time="0.027"/>
  <testcase classname="pack_2.Class_1" name="testAppUrl" time="0.005"/>
  <testcase classname="pack_2.Class_1" name="testHomePageTitle" time="0.005"/>
</testsuite> <!-- Default test -->
