<?xml version="1.0" encoding="UTF-8"?>
<!-- Generated by org.testng.reporters.JUnitXMLReporter -->
<testsuite ignored="0" hostname="LAPTOP-BON7O57K" failures="0" tests="2" name="Default test" time="13.449" errors="0" timestamp="2025-08-14T11:12:22 IST">
  <testcase classname="java_package.extent_reports_assertions_in_testNG" name="search" time="6.268"/>
  <testcase classname="java_package.extent_reports_assertions_in_testNG" name="get_info" time="0.719"/>
</testsuite> <!-- Default test -->
