<?xml version="1.0" encoding="UTF-8"?>
<!-- Generated by org.testng.reporters.JUnitXMLReporter -->
<testsuite ignored="2" hostname="LAPTOP-BON7O57K" failures="0" tests="6" name="regressionTest" time="0.033" errors="0" timestamp="2024-12-10T21:07:24 IST">
  <testcase classname="pack_3_grouping.Class_1_login" name="loginByEmail" time="0.006"/>
  <testcase classname="pack_3_grouping.Class_1_login" name="loginByFacebook" time="0.0"/>
  <testcase classname="pack_3_grouping.Class_1_login" name="loginByTwitter" time="0.001"/>
  <testcase classname="pack_3_grouping.Class_2_signupClass" name="signUpByEmail" time="0.0"/>
  <testcase classname="pack_3_grouping.Class_2_signupClass" name="signUpByFacebook" time="0.001"/>
  <testcase classname="pack_3_grouping.Class_2_signupClass" name="signUpByTwitter" time="0.001"/>
  <testcase classname="pack_3_grouping.Class_3_paymentTest" name="paymentInRupees" time="0.0">
    <ignored/>
  </testcase> <!-- paymentInRupees -->
  <testcase classname="pack_3_grouping.Class_3_paymentTest" name="paymentInDollars" time="0.0">
    <ignored/>
  </testcase> <!-- paymentInDollars -->
</testsuite> <!-- regressionTest -->
