<?xml version="1.0" encoding="UTF-8"?>
<testng-results ignored="0" total="3" passed="3" failed="0" skipped="0">
  <reporter-output>
  </reporter-output>
  <suite started-at="2025-08-09T17:48:39 IST" name="Default suite" finished-at="2025-08-09T17:48:52 IST" duration-ms="12991">
    <groups>
    </groups>
    <test started-at="2025-08-09T17:48:39 IST" name="Default test" finished-at="2025-08-09T17:48:52 IST" duration-ms="12991">
      <class name="jv_package.testNG_annotations">
        <test-method signature="setup()[pri:1, instance:jv_package.testNG_annotations@3857f613]" started-at="2025-08-09T17:48:39 IST" name="setup" finished-at="2025-08-09T17:48:43 IST" duration-ms="4410" status="PASS">
          <reporter-output>
          </reporter-output>
        </test-method> <!-- setup -->
        <test-method signature="check_box()[pri:2, instance:jv_package.testNG_annotations@3857f613]" started-at="2025-08-09T17:48:43 IST" name="check_box" finished-at="2025-08-09T17:48:48 IST" depends-on-methods="jv_package.testNG_annotations.setup" duration-ms="4339" status="PASS">
          <reporter-output>
          </reporter-output>
        </test-method> <!-- check_box -->
        <test-method signature="radio_button()[pri:3, instance:jv_package.testNG_annotations@3857f613]" started-at="2025-08-09T17:48:48 IST" name="radio_button" finished-at="2025-08-09T17:48:52 IST" depends-on-methods="jv_package.testNG_annotations.setup" duration-ms="4206" status="PASS">
          <reporter-output>
          </reporter-output>
        </test-method> <!-- radio_button -->
      </class> <!-- jv_package.testNG_annotations -->
    </test> <!-- Default test -->
  </suite> <!-- Default suite -->
</testng-results>
