<?xml version="1.0" encoding="UTF-8"?>
<!-- Generated by org.testng.reporters.JUnitXMLReporter -->
<testsuite ignored="0" hostname="LAPTOP-BON7O57K" failures="0" tests="3" name="Test" time="24.029" errors="0" timestamp="2024-12-12T18:19:33 IST">
  <testcase classname="pack_3.Class_1" name="testLogo" time="1.079"/>
  <testcase classname="pack_3.Class_1" name="testAppUrl" time="0.007"/>
  <testcase classname="pack_3.Class_1" name="testHomePageTitle" time="0.005"/>
</testsuite> <!-- Test -->
