<?xml version="1.0" encoding="UTF-8"?>
<!-- Generated by org.testng.reporters.JUnitXMLReporter -->
<testsuite ignored="0" hostname="LAPTOP-BON7O57K" failures="0" tests="3" name="Default test" time="8.468" errors="0" timestamp="2024-12-09T21:09:48 IST">
  <testcase classname="PackOne.Class_1" name="goTest" time="2.142"/>
  <testcase classname="PackOne.Class_1" name="handlingCheckboxTest" time="0.157"/>
  <testcase classname="PackOne.Class_1" name="handlingRadioButtonTest" time="6.147"/>
</testsuite> <!-- Default test -->
