<?xml version="1.0" encoding="UTF-8"?>
<!-- Generated by org.testng.reporters.JUnitXMLReporter -->
<testsuite ignored="0" hostname="LAPTOP-BON7O57K" failures="0" tests="7" name="My tests" time="12.543" errors="0" timestamp="2024-12-09T19:54:21 IST">
  <testcase classname="PackOne.testNGClass_1" name="openapp" time="8.946"/>
  <testcase classname="PackOne.testNGClass_1" name="testLogo" time="3.29"/>
  <testcase classname="PackOne.testNGClass_1" name="testLogin" time="0.149"/>
  <testcase classname="PackOne.testNGClass_1" name="closeApp" time="0.126"/>
  <testcase classname="PackOne.Class_1" name="login" time="0.001"/>
  <testcase classname="PackOne.Class_1" name="logout" time="0.0"/>
  <testcase classname="PackOne.Class_1" name="openapp" time="0.0"/>
</testsuite> <!-- My tests -->
