<?xml version="1.0" encoding="UTF-8"?>
<!-- Generated by org.testng.reporters.JUnitXMLReporter -->
<testsuite ignored="0" hostname="LAPTOP-BON7O57K" failures="0" tests="3" name="Default test" time="12.991" errors="0" timestamp="2025-08-09T17:48:52 IST">
  <testcase classname="jv_package.testNG_annotations" name="setup" time="4.41"/>
  <testcase classname="jv_package.testNG_annotations" name="check_box" time="4.339"/>
  <testcase classname="jv_package.testNG_annotations" name="radio_button" time="4.206"/>
</testsuite> <!-- Default test -->
