<?xml version="1.0" encoding="UTF-8"?>
<testng-results ignored="1" total="8" passed="7" failed="0" skipped="0">
  <reporter-output>
  </reporter-output>
  <suite started-at="2024-12-11T20:46:53 IST" name="Suite" finished-at="2024-12-11T20:47:01 IST" duration-ms="7991">
    <groups>
      <group name="get">
        <method signature="Class_1.getTitle()[pri:2, instance:pack_4_groups.Class_1@49ec71f8]" name="getTitle" class="pack_4_groups.Class_1"/>
        <method signature="Class_1.getURL()[pri:3, instance:pack_4_groups.Class_1@49ec71f8]" name="getURL" class="pack_4_groups.Class_1"/>
        <method signature="Class_1.getTitle()[pri:2, instance:pack_4_groups.Class_1@397fbdb]" name="getTitle" class="pack_4_groups.Class_1"/>
        <method signature="Class_1.getURL()[pri:3, instance:pack_4_groups.Class_1@397fbdb]" name="getURL" class="pack_4_groups.Class_1"/>
      </group> <!-- get -->
      <group name="show">
        <method signature="Class_1.getTitle()[pri:2, instance:pack_4_groups.Class_1@49ec71f8]" name="getTitle" class="pack_4_groups.Class_1"/>
        <method signature="Class_1.getURL()[pri:3, instance:pack_4_groups.Class_1@49ec71f8]" name="getURL" class="pack_4_groups.Class_1"/>
        <method signature="Class_1.getTitle()[pri:2, instance:pack_4_groups.Class_1@397fbdb]" name="getTitle" class="pack_4_groups.Class_1"/>
        <method signature="Class_1.getURL()[pri:3, instance:pack_4_groups.Class_1@397fbdb]" name="getURL" class="pack_4_groups.Class_1"/>
        <method signature="Class_1.printTitle_URL()[pri:4, instance:pack_4_groups.Class_1@397fbdb]" name="printTitle_URL" class="pack_4_groups.Class_1"/>
      </group> <!-- show -->
      <group name="begin">
        <method signature="Class_1.setup()[pri:1, instance:pack_4_groups.Class_1@49ec71f8]" name="setup" class="pack_4_groups.Class_1"/>
        <method signature="Class_1.setup()[pri:1, instance:pack_4_groups.Class_1@397fbdb]" name="setup" class="pack_4_groups.Class_1"/>
      </group> <!-- begin -->
    </groups>
    <test started-at="2024-12-11T20:46:53 IST" name="Test1" finished-at="2024-12-11T20:46:56 IST" duration-ms="3837">
      <class name="pack_4_groups.Class_1">
        <test-method signature="setup()[pri:1, instance:pack_4_groups.Class_1@49ec71f8]" started-at="2024-12-11T20:46:53 IST" name="setup" finished-at="2024-12-11T20:46:54 IST" duration-ms="1233" status="PASS">
          <reporter-output>
          </reporter-output>
        </test-method> <!-- setup -->
        <test-method signature="getTitle()[pri:2, instance:pack_4_groups.Class_1@49ec71f8]" started-at="2024-12-11T20:46:54 IST" name="getTitle" finished-at="2024-12-11T20:46:56 IST" duration-ms="2165" status="PASS">
          <reporter-output>
          </reporter-output>
        </test-method> <!-- getTitle -->
        <test-method signature="getURL()[pri:3, instance:pack_4_groups.Class_1@49ec71f8]" started-at="2024-12-11T20:46:56 IST" name="getURL" finished-at="2024-12-11T20:46:56 IST" duration-ms="416" status="PASS">
          <reporter-output>
          </reporter-output>
        </test-method> <!-- getURL -->
      </class> <!-- pack_4_groups.Class_1 -->
    </test> <!-- Test1 -->
    <test started-at="2024-12-11T20:46:56 IST" name="Test2" finished-at="2024-12-11T20:47:01 IST" duration-ms="4120">
      <class name="pack_4_groups.Class_1">
        <test-method signature="setup()[pri:1, instance:pack_4_groups.Class_1@397fbdb]" started-at="2024-12-11T20:46:56 IST" name="setup" finished-at="2024-12-11T20:46:57 IST" duration-ms="814" status="PASS">
          <reporter-output>
          </reporter-output>
        </test-method> <!-- setup -->
        <test-method signature="getTitle()[pri:2, instance:pack_4_groups.Class_1@397fbdb]" started-at="2024-12-11T20:46:57 IST" name="getTitle" finished-at="2024-12-11T20:47:00 IST" duration-ms="2749" status="PASS">
          <reporter-output>
          </reporter-output>
        </test-method> <!-- getTitle -->
        <test-method signature="getURL()[pri:3, instance:pack_4_groups.Class_1@397fbdb]" started-at="2024-12-11T20:47:00 IST" name="getURL" finished-at="2024-12-11T20:47:00 IST" duration-ms="454" status="PASS">
          <reporter-output>
          </reporter-output>
        </test-method> <!-- getURL -->
        <test-method signature="printTitle_URL()[pri:4, instance:pack_4_groups.Class_1@397fbdb]" started-at="2024-12-11T20:47:00 IST" name="printTitle_URL" finished-at="2024-12-11T20:47:01 IST" duration-ms="99" status="PASS">
          <reporter-output>
          </reporter-output>
        </test-method> <!-- printTitle_URL -->
      </class> <!-- pack_4_groups.Class_1 -->
    </test> <!-- Test2 -->
  </suite> <!-- Suite -->
</testng-results>
