<?xml version="1.0" encoding="UTF-8"?>
<!-- Generated by org.testng.reporters.JUnitXMLReporter -->
<testsuite ignored="3" hostname="LAPTOP-BON7O57K" failures="0" tests="5" name="groupingTests" time="0.032" errors="0" timestamp="2024-12-10T20:43:37 IST">
  <testcase classname="pack_2_grouping.Class_1_login" name="loginByEmail" time="0.006"/>
  <testcase classname="pack_2_grouping.Class_1_login" name="loginByFacebook" time="0.001"/>
  <testcase classname="pack_2_grouping.Class_1_login" name="loginByTwitter" time="0.0"/>
  <testcase classname="pack_2_grouping.Class_3_paymentTest" name="paymentInRupees" time="0.0"/>
  <testcase classname="pack_2_grouping.Class_3_paymentTest" name="paymentInDollars" time="0.0"/>
  <testcase classname="pack_2_grouping.Class_2_signupClass" name="signUpByTwitter" time="0.0">
    <ignored/>
  </testcase> <!-- signUpByTwitter -->
  <testcase classname="pack_2_grouping.Class_2_signupClass" name="signUpByFacebook" time="0.0">
    <ignored/>
  </testcase> <!-- signUpByFacebook -->
  <testcase classname="pack_2_grouping.Class_2_signupClass" name="signUpByEmail" time="0.0">
    <ignored/>
  </testcase> <!-- signUpByEmail -->
</testsuite> <!-- groupingTests -->
