<?xml version="1.0" encoding="UTF-8"?>
<!-- Generated by org.testng.reporters.JUnitXMLReporter -->
<testsuite ignored="0" hostname="LAPTOP-BON7O57K" failures="0" tests="3" name="chromeTest" time="6.035" errors="0" timestamp="2024-12-11T19:42:11 IST">
  <testcase classname="pack_1_Parallel_Testing.Class_1" name="testLogo" time="0.026"/>
  <testcase classname="pack_1_Parallel_Testing.Class_1" name="testTitle" time="0.01"/>
  <testcase classname="pack_1_Parallel_Testing.Class_1" name="testURL" time="0.007"/>
</testsuite> <!-- chromeTest -->
