<?xml version="1.0" encoding="UTF-8"?>
<!-- Generated by org.testng.reporters.JUnitXMLReporter -->
<testsuite ignored="0" hostname="LAPTOP-BON7O57K" failures="0" tests="3" name="edgeTest" time="7.711" errors="0" timestamp="2024-12-11T19:42:13 IST">
  <testcase classname="pack_1_Parallel_Testing.Class_1" name="testLogo" time="0.019"/>
  <testcase classname="pack_1_Parallel_Testing.Class_1" name="testTitle" time="0.006"/>
  <testcase classname="pack_1_Parallel_Testing.Class_1" name="testURL" time="0.005"/>
</testsuite> <!-- edgeTest -->
