<?xml version="1.0" encoding="UTF-8"?>
<!-- Generated by org.testng.reporters.JUnitXMLReporter -->
<testsuite ignored="1" hostname="LAPTOP-BON7O57K" failures="0" tests="3" name="Test1" time="3.837" errors="0" timestamp="2024-12-11T20:46:56 IST">
  <testcase classname="pack_4_groups.Class_1" name="setup" time="1.233"/>
  <testcase classname="pack_4_groups.Class_1" name="getTitle" time="2.165"/>
  <testcase classname="pack_4_groups.Class_1" name="getURL" time="0.416"/>
  <testcase classname="pack_4_groups.Class_1" name="printTitle_URL" time="0.0">
    <ignored/>
  </testcase> <!-- printTitle_URL -->
</testsuite> <!-- Test1 -->
