<?xml version="1.0" encoding="UTF-8"?>
<!-- Generated by org.testng.reporters.JUnitXMLReporter -->
<testsuite ignored="1" hostname="LAPTOP-BON7O57K" failures="0" tests="3" name="Test" time="3.725" errors="0" timestamp="2024-12-11T20:43:19 IST">
  <testcase classname="pack_4_groups.Class_1" name="setup" time="1.119"/>
  <testcase classname="pack_4_groups.Class_1" name="getTitle" time="2.125"/>
  <testcase classname="pack_4_groups.Class_1" name="getURL" time="0.457"/>
  <testcase classname="pack_4_groups.Class_1" name="printTitle_URL" time="0.0">
    <ignored/>
  </testcase> <!-- printTitle_URL -->
</testsuite> <!-- Test -->
