<?xml version="1.0" encoding="UTF-8"?>
<!-- Generated by org.testng.reporters.JUnitXMLReporter -->
<testsuite ignored="0" hostname="LAPTOP-BON7O57K" failures="0" tests="4" name="Test2" time="4.12" errors="0" timestamp="2024-12-11T20:47:01 IST">
  <testcase classname="pack_4_groups.Class_1" name="setup" time="0.814"/>
  <testcase classname="pack_4_groups.Class_1" name="getTitle" time="2.749"/>
  <testcase classname="pack_4_groups.Class_1" name="getURL" time="0.454"/>
  <testcase classname="pack_4_groups.Class_1" name="printTitle_URL" time="0.099"/>
</testsuite> <!-- Test2 -->
