<?xml version="1.0" encoding="UTF-8"?>
<testng-results ignored="0" total="6" passed="6" failed="0" skipped="0">
  <reporter-output>
  </reporter-output>
  <suite started-at="2024-12-11T18:22:52 IST" name="Suite" finished-at="2024-12-11T18:23:00 IST" duration-ms="8122">
    <groups>
    </groups>
    <test started-at="2024-12-11T18:22:52 IST" name="chromeTest" finished-at="2024-12-11T18:22:59 IST" duration-ms="6948">
      <class name="pack_5.Class_6_paramTest">
        <test-method is-config="true" signature="setup(java.lang.String,java.lang.String)[pri:0, instance:pack_5.Class_6_paramTest@28701274]" started-at="2024-12-11T18:22:52 IST" name="setup" finished-at="2024-12-11T18:22:59 IST" duration-ms="6767" status="PASS">
          <params>
            <param index="0">
              <value>
                <![CDATA[chrome]]>
              </value>
            </param>
            <param index="1">
              <value>
                <![CDATA[https://opensource-demo.orangehrmlive.com/web/index.php/auth/login]]>
              </value>
            </param>
          </params>
          <reporter-output>
          </reporter-output>
        </test-method> <!-- setup -->
        <test-method signature="testLogo()[pri:1, instance:pack_5.Class_6_paramTest@28701274]" started-at="2024-12-11T18:22:59 IST" name="testLogo" finished-at="2024-12-11T18:22:59 IST" duration-ms="29" status="PASS">
          <reporter-output>
          </reporter-output>
        </test-method> <!-- testLogo -->
        <test-method signature="testTitle()[pri:2, instance:pack_5.Class_6_paramTest@28701274]" started-at="2024-12-11T18:22:59 IST" name="testTitle" finished-at="2024-12-11T18:22:59 IST" duration-ms="4" status="PASS">
          <reporter-output>
          </reporter-output>
        </test-method> <!-- testTitle -->
        <test-method is-config="true" signature="tearDown()[pri:0, instance:pack_5.Class_6_paramTest@28701274]" started-at="2024-12-11T18:22:59 IST" name="tearDown" finished-at="2024-12-11T18:22:59 IST" duration-ms="129" status="PASS">
          <reporter-output>
          </reporter-output>
        </test-method> <!-- tearDown -->
        <test-method signature="testURL()[pri:3, instance:pack_5.Class_6_paramTest@28701274]" started-at="2024-12-11T18:22:59 IST" name="testURL" finished-at="2024-12-11T18:22:59 IST" duration-ms="0" status="PASS">
          <reporter-output>
          </reporter-output>
        </test-method> <!-- testURL -->
      </class> <!-- pack_5.Class_6_paramTest -->
    </test> <!-- chromeTest -->
    <test started-at="2024-12-11T18:22:52 IST" name="edgeTest" finished-at="2024-12-11T18:23:00 IST" duration-ms="8122">
      <class name="pack_5.Class_6_paramTest">
        <test-method is-config="true" signature="setup(java.lang.String,java.lang.String)[pri:0, instance:pack_5.Class_6_paramTest@38d8f54a]" started-at="2024-12-11T18:22:52 IST" name="setup" finished-at="2024-12-11T18:22:59 IST" duration-ms="6823" status="PASS">
          <params>
            <param index="0">
              <value>
                <![CDATA[edge]]>
              </value>
            </param>
            <param index="1">
              <value>
                <![CDATA[https://opensource-demo.orangehrmlive.com/web/index.php/auth/login]]>
              </value>
            </param>
          </params>
          <reporter-output>
          </reporter-output>
        </test-method> <!-- setup -->
        <test-method signature="testLogo()[pri:1, instance:pack_5.Class_6_paramTest@38d8f54a]" started-at="2024-12-11T18:22:59 IST" name="testLogo" finished-at="2024-12-11T18:22:59 IST" duration-ms="31" status="PASS">
          <reporter-output>
          </reporter-output>
        </test-method> <!-- testLogo -->
        <test-method signature="testTitle()[pri:2, instance:pack_5.Class_6_paramTest@38d8f54a]" started-at="2024-12-11T18:22:59 IST" name="testTitle" finished-at="2024-12-11T18:22:59 IST" duration-ms="3" status="PASS">
          <reporter-output>
          </reporter-output>
        </test-method> <!-- testTitle -->
        <test-method signature="testURL()[pri:3, instance:pack_5.Class_6_paramTest@38d8f54a]" started-at="2024-12-11T18:22:59 IST" name="testURL" finished-at="2024-12-11T18:22:59 IST" duration-ms="0" status="PASS">
          <reporter-output>
          </reporter-output>
        </test-method> <!-- testURL -->
        <test-method is-config="true" signature="tearDown()[pri:0, instance:pack_5.Class_6_paramTest@38d8f54a]" started-at="2024-12-11T18:22:59 IST" name="tearDown" finished-at="2024-12-11T18:23:00 IST" duration-ms="1253" status="PASS">
          <reporter-output>
          </reporter-output>
        </test-method> <!-- tearDown -->
      </class> <!-- pack_5.Class_6_paramTest -->
    </test> <!-- edgeTest -->
  </suite> <!-- Suite -->
</testng-results>
