<?xml version="1.0" encoding="UTF-8"?>
<testng-results ignored="2" total="8" passed="6" failed="0" skipped="0">
  <reporter-output>
  </reporter-output>
  <suite started-at="2024-12-10T21:07:24 IST" name="regressionSuite" finished-at="2024-12-10T21:07:24 IST" duration-ms="33">
    <groups>
      <group name="regression">
        <method signature="Class_2_signupClass.signUpByEmail()[pri:1, instance:pack_3_grouping.Class_2_signupClass@62150f9e]" name="signUpByEmail" class="pack_3_grouping.Class_2_signupClass"/>
        <method signature="Class_2_signupClass.signUpByFacebook()[pri:2, instance:pack_3_grouping.Class_2_signupClass@62150f9e]" name="signUpByFacebook" class="pack_3_grouping.Class_2_signupClass"/>
        <method signature="Class_2_signupClass.signUpByTwitter()[pri:3, instance:pack_3_grouping.Class_2_signupClass@62150f9e]" name="signUpByTwitter" class="pack_3_grouping.Class_2_signupClass"/>
      </group> <!-- regression -->
      <group name="sanity">
        <method signature="Class_1_login.loginByEmail()[pri:1, instance:pack_3_grouping.Class_1_login@dbf57b3]" name="loginByEmail" class="pack_3_grouping.Class_1_login"/>
        <method signature="Class_1_login.loginByFacebook()[pri:2, instance:pack_3_grouping.Class_1_login@dbf57b3]" name="loginByFacebook" class="pack_3_grouping.Class_1_login"/>
        <method signature="Class_1_login.loginByTwitter()[pri:3, instance:pack_3_grouping.Class_1_login@dbf57b3]" name="loginByTwitter" class="pack_3_grouping.Class_1_login"/>
      </group> <!-- sanity -->
    </groups>
    <test started-at="2024-12-10T21:07:24 IST" name="regressionTest" finished-at="2024-12-10T21:07:24 IST" duration-ms="33">
      <class name="pack_3_grouping.Class_1_login">
        <test-method signature="loginByEmail()[pri:1, instance:pack_3_grouping.Class_1_login@dbf57b3]" started-at="2024-12-10T21:07:24 IST" name="loginByEmail" finished-at="2024-12-10T21:07:24 IST" duration-ms="6" status="PASS">
          <reporter-output>
          </reporter-output>
        </test-method> <!-- loginByEmail -->
        <test-method signature="loginByFacebook()[pri:2, instance:pack_3_grouping.Class_1_login@dbf57b3]" started-at="2024-12-10T21:07:24 IST" name="loginByFacebook" finished-at="2024-12-10T21:07:24 IST" duration-ms="0" status="PASS">
          <reporter-output>
          </reporter-output>
        </test-method> <!-- loginByFacebook -->
        <test-method signature="loginByTwitter()[pri:3, instance:pack_3_grouping.Class_1_login@dbf57b3]" started-at="2024-12-10T21:07:24 IST" name="loginByTwitter" finished-at="2024-12-10T21:07:24 IST" duration-ms="1" status="PASS">
          <reporter-output>
          </reporter-output>
        </test-method> <!-- loginByTwitter -->
      </class> <!-- pack_3_grouping.Class_1_login -->
      <class name="pack_3_grouping.Class_2_signupClass">
        <test-method signature="signUpByEmail()[pri:1, instance:pack_3_grouping.Class_2_signupClass@62150f9e]" started-at="2024-12-10T21:07:24 IST" name="signUpByEmail" finished-at="2024-12-10T21:07:24 IST" duration-ms="0" status="PASS">
          <reporter-output>
          </reporter-output>
        </test-method> <!-- signUpByEmail -->
        <test-method signature="signUpByFacebook()[pri:2, instance:pack_3_grouping.Class_2_signupClass@62150f9e]" started-at="2024-12-10T21:07:24 IST" name="signUpByFacebook" finished-at="2024-12-10T21:07:24 IST" duration-ms="1" status="PASS">
          <reporter-output>
          </reporter-output>
        </test-method> <!-- signUpByFacebook -->
        <test-method signature="signUpByTwitter()[pri:3, instance:pack_3_grouping.Class_2_signupClass@62150f9e]" started-at="2024-12-10T21:07:24 IST" name="signUpByTwitter" finished-at="2024-12-10T21:07:24 IST" duration-ms="1" status="PASS">
          <reporter-output>
          </reporter-output>
        </test-method> <!-- signUpByTwitter -->
      </class> <!-- pack_3_grouping.Class_2_signupClass -->
    </test> <!-- regressionTest -->
  </suite> <!-- regressionSuite -->
</testng-results>
