<?xml version="1.0" encoding="UTF-8"?>
<testng-results ignored="0" total="3" passed="3" failed="0" skipped="0">
  <reporter-output>
  </reporter-output>
  <suite started-at="2024-12-09T21:09:40 IST" name="Default suite" finished-at="2024-12-09T21:09:48 IST" duration-ms="8468">
    <groups>
    </groups>
    <test started-at="2024-12-09T21:09:40 IST" name="Default test" finished-at="2024-12-09T21:09:48 IST" duration-ms="8468">
      <class name="PackOne.Class_1">
        <test-method signature="goTest()[pri:0, instance:PackOne.Class_1@373ebf74]" started-at="2024-12-09T21:09:40 IST" name="goTest" finished-at="2024-12-09T21:09:42 IST" duration-ms="2142" status="PASS">
          <reporter-output>
          </reporter-output>
        </test-method> <!-- goTest -->
        <test-method signature="handlingCheckboxTest()[pri:0, instance:PackOne.Class_1@373ebf74]" started-at="2024-12-09T21:09:42 IST" name="handlingCheckboxTest" finished-at="2024-12-09T21:09:42 IST" duration-ms="157" status="PASS">
          <reporter-output>
          </reporter-output>
        </test-method> <!-- handlingCheckboxTest -->
        <test-method signature="handlingRadioButtonTest()[pri:0, instance:PackOne.Class_1@373ebf74]" started-at="2024-12-09T21:09:42 IST" name="handlingRadioButtonTest" finished-at="2024-12-09T21:09:48 IST" duration-ms="6147" status="PASS">
          <reporter-output>
          </reporter-output>
        </test-method> <!-- handlingRadioButtonTest -->
      </class> <!-- PackOne.Class_1 -->
    </test> <!-- Default test -->
  </suite> <!-- Default suite -->
</testng-results>
