<?xml version="1.0" encoding="UTF-8"?>
<testng-results ignored="0" total="4" passed="4" failed="0" skipped="0">
  <reporter-output>
  </reporter-output>
  <suite started-at="2025-08-11T18:07:23 IST" name="testng_suite" finished-at="2025-08-11T18:07:33 IST" duration-ms="9393">
    <groups>
      <group name="automate">
        <method signature="groups_priority.checkbox()[pri:2, instance:java_package.groups_priority@4116aac9]" name="checkbox" class="java_package.groups_priority"/>
        <method signature="groups_priority.radiobtn()[pri:3, instance:java_package.groups_priority@4116aac9]" name="radiobtn" class="java_package.groups_priority"/>
      </group> <!-- automate -->
      <group name="env_setup">
        <method signature="groups_priority.get_up()[pri:1, instance:java_package.groups_priority@4116aac9]" name="get_up" class="java_package.groups_priority"/>
        <method signature="groups_priority.close_up()[pri:4, instance:java_package.groups_priority@4116aac9]" name="close_up" class="java_package.groups_priority"/>
      </group> <!-- env_setup -->
    </groups>
    <test started-at="2025-08-11T18:07:23 IST" name="Test" finished-at="2025-08-11T18:07:33 IST" duration-ms="9393">
      <class name="java_package.groups_priority">
        <test-method signature="get_up()[pri:1, instance:java_package.groups_priority@4116aac9]" started-at="2025-08-11T18:07:23 IST" name="get_up" finished-at="2025-08-11T18:07:29 IST" duration-ms="5293" status="PASS">
          <reporter-output>
          </reporter-output>
        </test-method> <!-- get_up -->
        <test-method signature="checkbox()[pri:2, instance:java_package.groups_priority@4116aac9]" started-at="2025-08-11T18:07:29 IST" name="checkbox" finished-at="2025-08-11T18:07:31 IST" depends-on-methods="java_package.groups_priority.get_up" duration-ms="1786" status="PASS">
          <reporter-output>
          </reporter-output>
        </test-method> <!-- checkbox -->
        <test-method signature="radiobtn()[pri:3, instance:java_package.groups_priority@4116aac9]" started-at="2025-08-11T18:07:31 IST" name="radiobtn" finished-at="2025-08-11T18:07:32 IST" depends-on-methods="java_package.groups_priority.get_up" duration-ms="1632" status="PASS">
          <reporter-output>
          </reporter-output>
        </test-method> <!-- radiobtn -->
        <test-method signature="close_up()[pri:4, instance:java_package.groups_priority@4116aac9]" started-at="2025-08-11T18:07:32 IST" name="close_up" finished-at="2025-08-11T18:07:33 IST" depends-on-methods="java_package.groups_priority.get_up" duration-ms="649" status="PASS">
          <reporter-output>
          </reporter-output>
        </test-method> <!-- close_up -->
      </class> <!-- java_package.groups_priority -->
    </test> <!-- Test -->
  </suite> <!-- testng_suite -->
</testng-results>
