<?xml version="1.0" encoding="UTF-8"?>
<!-- Generated by org.testng.reporters.JUnitXMLReporter -->
<testsuite ignored="0" hostname="LAPTOP-BON7O57K" failures="0" tests="4" name="Test" time="4.566" errors="0" timestamp="2024-12-09T21:06:26 IST">
  <testcase classname="PackOne.Class_1Test" name="goTest" time="2.015"/>
  <testcase classname="PackOne.Class_1Test" name="handlingCheckboxTest" time="0.155"/>
  <testcase classname="PackOne.Class_1" name="goTest" time="2.203"/>
  <testcase classname="PackOne.Class_1" name="handlingCheckboxTest" time="0.168"/>
</testsuite> <!-- Test -->
